1. Loading Metadata and mapping samples to tissues...

2. Streaming Gene Reads to calculate exact Assigned Library Sizes...
 -> Calculated exact assigned library sizes for 19616 samples.

3. Preparing Junctions Header and Common Samples...
 -> Found 19616 valid common samples with tissue annotations.
 -> Grouped into 54 specific tissue types.

4. Streaming Junctions: Calculate CPM -> Median -> Save to Disk...
    ... Processed 25000 junctions ...
    ... Processed 50000 junctions ...
    ... Processed 75000 junctions ...
    ... Processed 100000 junctions ...
    ... Processed 125000 junctions ...
    ... Processed 150000 junctions ...
    ... Processed 175000 junctions ...
    ... Processed 200000 junctions ...
    ... Processed 225000 junctions ...
    ... Processed 250000 junctions ...
    ... Processed 275000 junctions ...
    ... Processed 300000 junctions ...
    ... Processed 325000 junctions ...
    ... Processed 350000 junctions ...
    ... Processed 375000 junctions ...
    ... Processed 400000 junctions ...
    ... Processed 425000 junctions ...
    ... Processed 450000 junctions ...
    ... Processed 475000 junctions ...
    ... Processed 500000 junctions ...
    ... Processed 523817 junctions ...

✅ All chunks processed successfully!
Output saved safely to: /home/user/data3/rbase/database/GTEx/GTEx_Tissue_Median_Junction_CPM.csv
